<?xml version="1.0" encoding="UTF-8"?>
<!-- Generated by org.testng.reporters.JUnitXMLReporter -->
<testsuite ignored="4" hostname="SarthakDell" failures="0" tests="1" name="Default test" time="6.418" errors="0" timestamp="2023-09-20T19:09:56 GMT-04:00">
  <testcase classname="com.qa.Rediff.TestCases.LoginTest" name="verifyLoginWithNoCredentials" time="0.09"/>
  <testcase classname="com.qa.Rediff.TestCases.LoginTest" name="verifyLoginWithInvalidCredentials" time="0.0">
    <ignored/>
  </testcase> <!-- verifyLoginWithInvalidCredentials -->
  <testcase classname="com.qa.Rediff.TestCases.LoginTest" name="verifyLoginWithValidCredentials" time="0.0">
    <ignored/>
  </testcase> <!-- verifyLoginWithValidCredentials -->
  <testcase classname="com.qa.Rediff.TestCases.LoginTest" name="verifyLoginWithInvalidUsernameValidPassword" time="0.0">
    <ignored/>
  </testcase> <!-- verifyLoginWithInvalidUsernameValidPassword -->
  <testcase classname="com.qa.Rediff.TestCases.LoginTest" name="verifyLoginWithValidUsernameInvalidPassword" time="0.0">
    <ignored/>
  </testcase> <!-- verifyLoginWithValidUsernameInvalidPassword -->
</testsuite> <!-- Default test -->
