<?xml version="1.0" encoding="UTF-8"?>
<!-- Generated by org.testng.reporters.JUnitXMLReporter -->
<testsuite ignored="0" hostname="SarthakDell" failures="4" tests="8" name="Test" time="63.757" errors="0" timestamp="2023-09-20T19:11:48 GMT-04:00">
  <testcase classname="com.qa.Rediff.TestCases.LoginTest" name="verifyLoginWithValidCredentials" time="3.659">
    <failure type="java.lang.NullPointerException" message="Cannot invoke &amp;quot;org.openqa.selenium.WebElement.isDisplayed()&amp;quot; because &amp;quot;this.logoutLink&amp;quot; is null">
      <![CDATA[java.lang.NullPointerException: Cannot invoke "org.openqa.selenium.WebElement.isDisplayed()" because "this.logoutLink" is null
at com.qa.Rediff.Pages.AccountPage.displayStatusLogoutLink(AccountPage.java:18)
at com.qa.Rediff.TestCases.LoginTest.verifyLoginWithValidCredentials(LoginTest.java:39)
at java.base/java.util.ArrayList.forEach(ArrayList.java:1511)
... Removed 27 stack frames]]>
    </failure>
  </testcase> <!-- verifyLoginWithValidCredentials -->
  <testcase classname="com.qa.Rediff.TestCases.LoginTest" name="verifyLoginWithValidCredentials" time="4.475">
    <failure type="java.lang.NullPointerException" message="Cannot invoke &amp;quot;org.openqa.selenium.WebElement.isDisplayed()&amp;quot; because &amp;quot;this.logoutLink&amp;quot; is null">
      <![CDATA[java.lang.NullPointerException: Cannot invoke "org.openqa.selenium.WebElement.isDisplayed()" because "this.logoutLink" is null
at com.qa.Rediff.Pages.AccountPage.displayStatusLogoutLink(AccountPage.java:18)
at com.qa.Rediff.TestCases.LoginTest.verifyLoginWithValidCredentials(LoginTest.java:39)
at java.base/java.util.ArrayList.forEach(ArrayList.java:1511)
... Removed 27 stack frames]]>
    </failure>
  </testcase> <!-- verifyLoginWithValidCredentials -->
  <testcase classname="com.qa.Rediff.TestCases.LoginTest" name="verifyLoginWithValidCredentials" time="5.851">
    <failure type="java.lang.NullPointerException" message="Cannot invoke &amp;quot;org.openqa.selenium.WebElement.isDisplayed()&amp;quot; because &amp;quot;this.logoutLink&amp;quot; is null">
      <![CDATA[java.lang.NullPointerException: Cannot invoke "org.openqa.selenium.WebElement.isDisplayed()" because "this.logoutLink" is null
at com.qa.Rediff.Pages.AccountPage.displayStatusLogoutLink(AccountPage.java:18)
at com.qa.Rediff.TestCases.LoginTest.verifyLoginWithValidCredentials(LoginTest.java:39)
at java.base/java.util.ArrayList.forEach(ArrayList.java:1511)
... Removed 27 stack frames]]>
    </failure>
  </testcase> <!-- verifyLoginWithValidCredentials -->
  <testcase classname="com.qa.Rediff.TestCases.LoginTest" name="verifyLoginWithValidCredentials" time="5.708">
    <failure type="java.lang.NullPointerException" message="Cannot invoke &amp;quot;org.openqa.selenium.WebElement.isDisplayed()&amp;quot; because &amp;quot;this.logoutLink&amp;quot; is null">
      <![CDATA[java.lang.NullPointerException: Cannot invoke "org.openqa.selenium.WebElement.isDisplayed()" because "this.logoutLink" is null
at com.qa.Rediff.Pages.AccountPage.displayStatusLogoutLink(AccountPage.java:18)
at com.qa.Rediff.TestCases.LoginTest.verifyLoginWithValidCredentials(LoginTest.java:39)
at java.base/java.util.ArrayList.forEach(ArrayList.java:1511)
... Removed 27 stack frames]]>
    </failure>
  </testcase> <!-- verifyLoginWithValidCredentials -->
  <testcase classname="com.qa.Rediff.TestCases.LoginTest" name="verifyLoginWithValidUsernameInvalidPassword" time="0.645"/>
  <testcase classname="com.qa.Rediff.TestCases.LoginTest" name="verifyLoginWithInvalidUsernameValidPassword" time="0.697"/>
  <testcase classname="com.qa.Rediff.TestCases.LoginTest" name="verifyLoginWithInvalidCredentials" time="0.63"/>
  <testcase classname="com.qa.Rediff.TestCases.LoginTest" name="verifyLoginWithNoCredentials" time="0.13"/>
</testsuite> <!-- Test -->
